Using pre-set license
Built from '2020.2/release' branch; Version is '2020.2.2f1 (068178b99f32) revision 426360'; Using compiler version '192528614'; Build Type 'Release'
OS: 'Windows 10 Enterprise; OS build 18363.1916; Version 1909; 64bit' Language: 'hu' Physical Memory: 16335 MB
BatchMode: 1, IsHumanControllingUs: 0, StartBugReporterOnCrash: 0, Is64bit: 1, IsPro: 0

 COMMAND LINE ARGUMENTS:
C:\Program Files\Unity\Hub\Editor\2020.2.2f1\Editor\Unity.exe
-adb2
-batchMode
-noUpm
-name
AssetImportWorker0
-projectPath
D:/Dokumentumok/GitHub/depressionsimulator
-logFile
Logs/AssetImportWorker0.log
-srvPort
53331
Successfully changed project path to: D:/Dokumentumok/GitHub/depressionsimulator
D:/Dokumentumok/GitHub/depressionsimulator
Using Asset Import Pipeline V2.
Refreshing native plugins compatible for Editor in 37.31 ms, found 1 plugins.
Preloading 0 native plugins for Editor in 0.00 ms.
Initialize engine version: 2020.2.2f1 (068178b99f32)
[Subsystems] Discovering subsystems at path C:/Program Files/Unity/Hub/Editor/2020.2.2f1/Editor/Data/Resources/UnitySubsystems
[Subsystems] Discovering subsystems at path D:/Dokumentumok/GitHub/depressionsimulator/Assets
GfxDevice: creating device client; threaded=0
Direct3D:
    Version:  Direct3D 11.0 [level 11.1]
    Renderer: Radeon RX 580 Series (ID=0x67df)
    Vendor:   
    VRAM:     8171 MB
    Driver:   27.20.22001.14011
Initialize mono
Mono path[0] = 'C:/Program Files/Unity/Hub/Editor/2020.2.2f1/Editor/Data/Managed'
Mono path[1] = 'C:/Program Files/Unity/Hub/Editor/2020.2.2f1/Editor/Data/MonoBleedingEdge/lib/mono/unityjit'
Mono config path = 'C:/Program Files/Unity/Hub/Editor/2020.2.2f1/Editor/Data/MonoBleedingEdge/etc'
Using monoOptions --debugger-agent=transport=dt_socket,embedding=1,server=y,suspend=n,address=127.0.0.1:56044
Begin MonoManager ReloadAssembly
Registering precompiled unity dll's ...
Register platform support module: C:/Program Files/Unity/Hub/Editor/2020.2.2f1/Editor/Data/PlaybackEngines/WindowsStandaloneSupport/UnityEditor.WindowsStandalone.Extensions.dll
Registered in 0.002543 seconds.
Native extension for WindowsStandalone target not found
Refreshing native plugins compatible for Editor in 36.01 ms, found 1 plugins.
Preloading 0 native plugins for Editor in 0.00 ms.
Invoked RoslynAnalysisRunner static constructor.
RoslynAnalysisRunner will not be running.
RoslynAnalysisRunner has terminated.
Mono: successfully reloaded assembly
- Completed reload, in  2.548 seconds
Platform modules already initialized, skipping
Registering precompiled user dll's ...
Registered in 0.001069 seconds.
Begin MonoManager ReloadAssembly
Native extension for WindowsStandalone target not found
Refreshing native plugins compatible for Editor in 36.79 ms, found 1 plugins.
Preloading 0 native plugins for Editor in 0.00 ms.
Invoked RoslynAnalysisRunner static constructor.
RoslynAnalysisRunner will not be running.
RoslynAnalysisRunner has terminated.
Mono: successfully reloaded assembly
- Completed reload, in  0.993 seconds
Platform modules already initialized, skipping
========================================================================
Worker process is ready to serve import requests
Launched and connected shader compiler UnityShaderCompiler.exe after 0.10 seconds
Refreshing native plugins compatible for Editor in 0.33 ms, found 1 plugins.
Preloading 0 native plugins for Editor in 0.00 ms.
Unloading 1808 Unused Serialized files (Serialized files now loaded: 0)
System memory in use before: 84.8 MB.
System memory in use after: 84.7 MB.

Unloading 24 unused Assets to reduce memory usage. Loaded Objects now: 2251.
Total: 2.485600 ms (FindLiveObjects: 0.251100 ms CreateObjectMapping: 0.049100 ms MarkObjects: 2.031600 ms  DeleteObjects: 0.151900 ms)

========================================================================
Received Import Request.
  path: Assets/Scripts/CharacterMenu.cs
  artifactKey: Guid(c067a6edde402a843ba3655c506f6b0b) Importer(815301076,1909f56bfc062723c751e8b465ee728b)
Start importing Assets/Scripts/CharacterMenu.cs using Guid(c067a6edde402a843ba3655c506f6b0b) Importer(815301076,1909f56bfc062723c751e8b465ee728b)  -> (artifact id: 'f4367a9f7da9d224629403ff32c925b0') in 0.062002 seconds
  Import took 0.103917 seconds .

========================================================================
Received Import Request.
  Time since last request: 523.941852 seconds.
  path: Assets/Scripts/CharacterMenu.cs
  artifactKey: Guid(c067a6edde402a843ba3655c506f6b0b) Importer(815301076,1909f56bfc062723c751e8b465ee728b)
Start importing Assets/Scripts/CharacterMenu.cs using Guid(c067a6edde402a843ba3655c506f6b0b) Importer(815301076,1909f56bfc062723c751e8b465ee728b)  -> (artifact id: '66e994260ce212117c09d12c32db2c33') in 0.002572 seconds
  Import took 0.022231 seconds .

========================================================================
Received Import Request.
  Time since last request: 0.001105 seconds.
  path: Assets/Scripts/CharacterMenu.cs
  artifactKey: Guid(c067a6edde402a843ba3655c506f6b0b) Importer(815301076,1909f56bfc062723c751e8b465ee728b)
Start importing Assets/Scripts/CharacterMenu.cs using Guid(c067a6edde402a843ba3655c506f6b0b) Importer(815301076,1909f56bfc062723c751e8b465ee728b)  -> (artifact id: '66e994260ce212117c09d12c32db2c33') in 0.002382 seconds
  Import took 0.005788 seconds .

========================================================================
Received Import Request.
  Time since last request: 30.388700 seconds.
  path: Assets/Scripts/CharacterMenu.cs
  artifactKey: Guid(c067a6edde402a843ba3655c506f6b0b) Importer(815301076,1909f56bfc062723c751e8b465ee728b)
Start importing Assets/Scripts/CharacterMenu.cs using Guid(c067a6edde402a843ba3655c506f6b0b) Importer(815301076,1909f56bfc062723c751e8b465ee728b)  -> (artifact id: 'fad7edba31d0ec134bbc7a6905dc0223') in 0.002807 seconds
  Import took 0.017035 seconds .

========================================================================
Received Import Request.
  Time since last request: 199.466954 seconds.
  path: Assets/Scripts/CharacterMenu.cs
  artifactKey: Guid(c067a6edde402a843ba3655c506f6b0b) Importer(815301076,1909f56bfc062723c751e8b465ee728b)
Start importing Assets/Scripts/CharacterMenu.cs using Guid(c067a6edde402a843ba3655c506f6b0b) Importer(815301076,1909f56bfc062723c751e8b465ee728b)  -> (artifact id: '3e6c73856de416462ecbaae8f46bf595') in 0.002458 seconds
  Import took 0.019277 seconds .

========================================================================
Received Import Request.
  Time since last request: 0.001725 seconds.
  path: Assets/Scripts/CharacterMenu.cs
  artifactKey: Guid(c067a6edde402a843ba3655c506f6b0b) Importer(815301076,1909f56bfc062723c751e8b465ee728b)
Start importing Assets/Scripts/CharacterMenu.cs using Guid(c067a6edde402a843ba3655c506f6b0b) Importer(815301076,1909f56bfc062723c751e8b465ee728b)  -> (artifact id: '3e6c73856de416462ecbaae8f46bf595') in 0.002302 seconds
  Import took 0.005283 seconds .

========================================================================
Received Import Request.
  Time since last request: 21.673455 seconds.
  path: Assets/Scripts/CharacterMenu.cs
  artifactKey: Guid(c067a6edde402a843ba3655c506f6b0b) Importer(815301076,1909f56bfc062723c751e8b465ee728b)
Start importing Assets/Scripts/CharacterMenu.cs using Guid(c067a6edde402a843ba3655c506f6b0b) Importer(815301076,1909f56bfc062723c751e8b465ee728b)  -> (artifact id: 'a49655acd6fb13e602bc6d91b2c027bc') in 0.002602 seconds
  Import took 0.026745 seconds .

AssetImportWorkerClient::OnTransportError - code=2 error=End of file
