Using pre-set license
Built from '2020.2/release' branch; Version is '2020.2.2f1 (068178b99f32) revision 426360'; Using compiler version '192528614'; Build Type 'Release'
OS: 'Windows 10 Enterprise; OS build 18363.1916; Version 1909; 64bit' Language: 'hu' Physical Memory: 16335 MB
BatchMode: 1, IsHumanControllingUs: 0, StartBugReporterOnCrash: 0, Is64bit: 1, IsPro: 0

 COMMAND LINE ARGUMENTS:
C:\Program Files\Unity\Hub\Editor\2020.2.2f1\Editor\Unity.exe
-adb2
-batchMode
-noUpm
-name
AssetImportWorker0
-projectPath
D:/Dokumentumok/GitHub/depressionsimulator
-logFile
Logs/AssetImportWorker0.log
-srvPort
59567
Successfully changed project path to: D:/Dokumentumok/GitHub/depressionsimulator
D:/Dokumentumok/GitHub/depressionsimulator
Using Asset Import Pipeline V2.
Refreshing native plugins compatible for Editor in 36.45 ms, found 1 plugins.
Preloading 0 native plugins for Editor in 0.00 ms.
Initialize engine version: 2020.2.2f1 (068178b99f32)
[Subsystems] Discovering subsystems at path C:/Program Files/Unity/Hub/Editor/2020.2.2f1/Editor/Data/Resources/UnitySubsystems
[Subsystems] Discovering subsystems at path D:/Dokumentumok/GitHub/depressionsimulator/Assets
GfxDevice: creating device client; threaded=0
Direct3D:
    Version:  Direct3D 11.0 [level 11.1]
    Renderer: Radeon RX 580 Series (ID=0x67df)
    Vendor:   
    VRAM:     8171 MB
    Driver:   27.20.22001.14011
Initialize mono
Mono path[0] = 'C:/Program Files/Unity/Hub/Editor/2020.2.2f1/Editor/Data/Managed'
Mono path[1] = 'C:/Program Files/Unity/Hub/Editor/2020.2.2f1/Editor/Data/MonoBleedingEdge/lib/mono/unityjit'
Mono config path = 'C:/Program Files/Unity/Hub/Editor/2020.2.2f1/Editor/Data/MonoBleedingEdge/etc'
Using monoOptions --debugger-agent=transport=dt_socket,embedding=1,server=y,suspend=n,address=127.0.0.1:56464
Begin MonoManager ReloadAssembly
Registering precompiled unity dll's ...
Register platform support module: C:/Program Files/Unity/Hub/Editor/2020.2.2f1/Editor/Data/PlaybackEngines/WindowsStandaloneSupport/UnityEditor.WindowsStandalone.Extensions.dll
Registered in 0.002596 seconds.
Native extension for WindowsStandalone target not found
Refreshing native plugins compatible for Editor in 37.99 ms, found 1 plugins.
Preloading 0 native plugins for Editor in 0.00 ms.
Invoked RoslynAnalysisRunner static constructor.
RoslynAnalysisRunner will not be running.
RoslynAnalysisRunner has terminated.
Mono: successfully reloaded assembly
- Completed reload, in  2.179 seconds
Platform modules already initialized, skipping
Registering precompiled user dll's ...
Registered in 0.001634 seconds.
Begin MonoManager ReloadAssembly
Native extension for WindowsStandalone target not found
Refreshing native plugins compatible for Editor in 39.01 ms, found 1 plugins.
Preloading 0 native plugins for Editor in 0.00 ms.
Invoked RoslynAnalysisRunner static constructor.
RoslynAnalysisRunner will not be running.
RoslynAnalysisRunner has terminated.
Mono: successfully reloaded assembly
- Completed reload, in  1.031 seconds
Platform modules already initialized, skipping
========================================================================
Worker process is ready to serve import requests
Launched and connected shader compiler UnityShaderCompiler.exe after 0.06 seconds
Refreshing native plugins compatible for Editor in 0.35 ms, found 1 plugins.
Preloading 0 native plugins for Editor in 0.00 ms.
Unloading 1811 Unused Serialized files (Serialized files now loaded: 0)
System memory in use before: 84.8 MB.
System memory in use after: 84.8 MB.

Unloading 24 unused Assets to reduce memory usage. Loaded Objects now: 2254.
Total: 2.073700 ms (FindLiveObjects: 0.222700 ms CreateObjectMapping: 0.051400 ms MarkObjects: 1.674800 ms  DeleteObjects: 0.123900 ms)

========================================================================
Received Import Request.
  path: Assets/Prefabs/singleCrate.prefab
  artifactKey: Guid(4903fb0a7305d2548b686ee15d6d61c4) Importer(815301076,1909f56bfc062723c751e8b465ee728b)
Start importing Assets/Prefabs/singleCrate.prefab using Guid(4903fb0a7305d2548b686ee15d6d61c4) Importer(815301076,1909f56bfc062723c751e8b465ee728b)  -> (artifact id: 'a70c843a1a99ea76ec7f29046a61dc13') in 0.115516 seconds
  Import took 0.118537 seconds .

========================================================================
Received Prepare
Registering precompiled user dll's ...
Registered in 0.001110 seconds.
Begin MonoManager ReloadAssembly
Native extension for WindowsStandalone target not found
Refreshing native plugins compatible for Editor in 0.34 ms, found 1 plugins.
Preloading 0 native plugins for Editor in 0.00 ms.
Invoked RoslynAnalysisRunner static constructor.
RoslynAnalysisRunner will not be running.
RoslynAnalysisRunner has terminated.
Mono: successfully reloaded assembly
- Completed reload, in  0.859 seconds
Platform modules already initialized, skipping
Refreshing native plugins compatible for Editor in 0.36 ms, found 1 plugins.
Preloading 0 native plugins for Editor in 0.00 ms.
Unloading 1806 Unused Serialized files (Serialized files now loaded: 0)
System memory in use before: 88.0 MB.
System memory in use after: 88.0 MB.

Unloading 12 unused Assets to reduce memory usage. Loaded Objects now: 2264.
Total: 2.006200 ms (FindLiveObjects: 0.185400 ms CreateObjectMapping: 0.042900 ms MarkObjects: 1.669200 ms  DeleteObjects: 0.107600 ms)

========================================================================
Received Import Request.
  Time since last request: 102.167022 seconds.
  path: Assets/Prefabs/singleCrate 1.prefab
  artifactKey: Guid(21df9da67bc4b134f92ba5203ccf3403) Importer(815301076,1909f56bfc062723c751e8b465ee728b)
Start importing Assets/Prefabs/singleCrate 1.prefab using Guid(21df9da67bc4b134f92ba5203ccf3403) Importer(815301076,1909f56bfc062723c751e8b465ee728b)  -> (artifact id: 'c9acba8b989d43f0a1be9027cb6e2c07') in 0.054052 seconds
  Import took 0.057172 seconds .

========================================================================
Received Import Request.
  Time since last request: 8.980346 seconds.
  path: Assets/Prefabs/singleCrate.prefab
  artifactKey: Guid(21df9da67bc4b134f92ba5203ccf3403) Importer(815301076,1909f56bfc062723c751e8b465ee728b)
Start importing Assets/Prefabs/singleCrate.prefab using Guid(21df9da67bc4b134f92ba5203ccf3403) Importer(815301076,1909f56bfc062723c751e8b465ee728b)  -> (artifact id: 'fa5ae42c36f06293387f3b48668f371c') in 0.008887 seconds
  Import took 0.011817 seconds .

AssetImportWorkerClient::OnTransportError - code=2 error=End of file
